<?xml version="1.0" encoding="UTF-8"?>
<testsuite xmlns:xsi="http://www.w3.org/2001/XMLSchema-instance" xsi:noNamespaceSchemaLocation="https://maven.apache.org/surefire/maven-surefire-plugin/xsd/surefire-test-report.xsd" name="ondc.crypto.util.CryptoTest" time="0.729" tests="4" errors="0" skipped="0" failures="0">
  <properties>
[...]
</properties>
  <testcase name="ondc.crypto.util.CryptoTest.testGenerateEncryptionDecryptionKeyPair_Normal" classname="ondc.crypto.util.CryptoTest" time="0.71"/>
  <testcase name="ondc.crypto.util.CryptoTest.testGenerateSigningKeyPair_Tampered" classname="ondc.crypto.util.CryptoTest" time="0.006"/>
  <testcase name="ondc.crypto.util.CryptoTest.testGenerateBlakeHash" classname="ondc.crypto.util.CryptoTest" time="0.007"/>
  <testcase name="ondc.crypto.util.CryptoTest.testGenerateSigningKeyPair_Normal" classname="ondc.crypto.util.CryptoTest" time="0.002"/>
</testsuite>