<?xml version="1.0" encoding="UTF-8"?>
<testsuite xmlns:xsi="http://www.w3.org/2001/XMLSchema-instance" xsi:noNamespaceSchemaLocation="https://maven.apache.org/surefire/maven-surefire-plugin/xsd/surefire-test-report.xsd" name="org.ondc.crypto.util.CryptoTest" time="1.411" tests="4" errors="0" skipped="0" failures="0">
  <properties>
[...]
</properties>
  <testcase name="org.ondc.crypto.util.CryptoTest.testGenerateSigningKeyPair_Tampered" classname="org.ondc.crypto.util.CryptoTest" time="0.774"/>
  <testcase name="org.ondc.crypto.util.CryptoTest.testGenerateEncryptionDecryptionKeyPair_Normal" classname="org.ondc.crypto.util.CryptoTest" time="0.615"/>
  <testcase name="org.ondc.crypto.util.CryptoTest.testGenerateSigningKeyPair_Normal" classname="org.ondc.crypto.util.CryptoTest" time="0.005"/>
  <testcase name="org.ondc.crypto.util.CryptoTest.testGenerateBlakeHash" classname="org.ondc.crypto.util.CryptoTest" time="0.01"/>
</testsuite>